<?xml version="1.0" encoding="UTF-8"?>
<!-- Generated by org.testng.reporters.JUnitXMLReporter -->
<testsuite ignored="0" hostname="DESKTOP-U33MU1L" failures="0" tests="3" name="Test" time="0.053" errors="0" timestamp="2024-06-10T16:24:49 IST">
  <testcase classname="testNGTestCases.DropdownTC" name="@BeforeTest beforeTest" time="-1.718016889753E9">
    <failure type="org.testng.TestNGException" message="
Parameter &amp;apos;url&amp;apos; is required by BeforeTest on method beforeTest but has not been marked @Optional or defined
in C:\Users\lenovo\eclipse-workspace\Automation\testng.xml">
      <![CDATA[org.testng.TestNGException: 
Parameter 'url' is required by BeforeTest on method beforeTest but has not been marked @Optional or defined
in C:\Users\lenovo\eclipse-workspace\Automation\testng.xml
... Removed 21 stack frames]]>
    </failure>
  </testcase> <!-- @BeforeTest beforeTest -->
  <testcase classname="testNGTestCases.checkBoxTC" name="@BeforeTest beforeTest" time="-1.718016889762E9">
    <skipped/>
  </testcase> <!-- @BeforeTest beforeTest -->
  <testcase classname="testNGTestCases.DropdownTC" name="@AfterTest afterTest" time="-1.7180168898E9">
    <skipped/>
  </testcase> <!-- @AfterTest afterTest -->
  <testcase classname="testNGTestCases.checkBoxTC" name="@AfterTest afterTest" time="-1.718016889801E9">
    <skipped/>
  </testcase> <!-- @AfterTest afterTest -->
  <testcase classname="testNGTestCases.DropdownTC" name="dropdown1" time="0.0">
    <skipped/>
  </testcase> <!-- dropdown1 -->
  <testcase classname="testNGTestCases.DropdownTC" name="dropdown2" time="0.0">
    <skipped/>
  </testcase> <!-- dropdown2 -->
  <testcase classname="testNGTestCases.checkBoxTC" name="checkBox1" time="0.0">
    <skipped/>
  </testcase> <!-- checkBox1 -->
</testsuite> <!-- Test -->
